;  LST file generated by mikroListExporter - v.2.0 
; Date/Time: 3/16/2023 2:37:33 PM
;----------------------------------------------

;Address Opcode 	ASM
0x0000	0x29E0      	GOTO       480
_interrupt:
0x0004	0x00FF      	MOVWF      R15
0x0005	0x0E03      	SWAPF      STATUS, 0
0x0006	0x0183      	CLRF       STATUS
0x0007	0x00B5      	MOVWF      ___saveSTATUS
0x0008	0x080A      	MOVF       PCLATH, 0
0x0009	0x00B6      	MOVWF      ___savePCLATH
0x000A	0x018A      	CLRF       PCLATH
0x000B	0x0870      	MOVF       R0, 0
0x000C	0x00A0      	MOVWF      32
;Proj1Compiler.c,35 :: 		void interrupt() {
;Proj1Compiler.c,36 :: 		if (INTCON.RBIF) {
0x000D	0x1C0B      	BTFSS      INTCON, 0
0x000E	0x2820      	GOTO       L_interrupt0
;Proj1Compiler.c,37 :: 		INTCON.RBIF = 0;
0x000F	0x100B      	BCF        INTCON, 0
;Proj1Compiler.c,38 :: 		if (PORTB.f7 == 0) {
0x0010	0x1B86      	BTFSC      PORTB, 7
0x0011	0x2820      	GOTO       L_interrupt1
;Proj1Compiler.c,39 :: 		if(mode == CLOCK_12H) {
0x0012	0x3000      	MOVLW      0
0x0013	0x062E      	XORWF      _mode+1, 0
0x0014	0x1D03      	BTFSS      STATUS, 2
0x0015	0x2818      	GOTO       L__interrupt27
0x0016	0x3000      	MOVLW      0
0x0017	0x062D      	XORWF      _mode, 0
L__interrupt27:
0x0018	0x1D03      	BTFSS      STATUS, 2
0x0019	0x281E      	GOTO       L_interrupt2
;Proj1Compiler.c,40 :: 		mode = CLOCK_24H;
0x001A	0x3001      	MOVLW      1
0x001B	0x00AD      	MOVWF      _mode
0x001C	0x01AE      	CLRF       _mode+1
;Proj1Compiler.c,41 :: 		} else {
0x001D	0x2820      	GOTO       L_interrupt3
L_interrupt2:
;Proj1Compiler.c,42 :: 		mode = CLOCK_12H;
0x001E	0x01AD      	CLRF       _mode
0x001F	0x01AE      	CLRF       _mode+1
;Proj1Compiler.c,43 :: 		}
L_interrupt3:
;Proj1Compiler.c,44 :: 		}
L_interrupt1:
;Proj1Compiler.c,45 :: 		}
L_interrupt0:
;Proj1Compiler.c,46 :: 		}
L_end_interrupt:
L__interrupt26:
0x0020	0x0820      	MOVF       32, 0
0x0021	0x00F0      	MOVWF      R0
0x0022	0x0836      	MOVF       ___savePCLATH, 0
0x0023	0x008A      	MOVWF      PCLATH
0x0024	0x0E35      	SWAPF      ___saveSTATUS, 0
0x0025	0x0083      	MOVWF      STATUS
0x0026	0x0EFF      	SWAPF      R15, 1
0x0027	0x0E7F      	SWAPF      R15, 0
0x0028	0x0009      	RETFIE
; end of _interrupt
_Div_16x16_S_L:
;__Lib_Math.c,421 :: 		
;__Lib_Math.c,427 :: 		
0x0029	0x0D71      	RLF        R1, 0
;__Lib_Math.c,428 :: 		
0x002A	0x0DF8      	RLF        R8, 1
;__Lib_Math.c,429 :: 		
0x002B	0x0DF9      	RLF        R9, 1
;__Lib_Math.c,430 :: 		
0x002C	0x0874      	MOVF       R4, 0
;__Lib_Math.c,431 :: 		
0x002D	0x02F8      	SUBWF      R8, 1
;__Lib_Math.c,432 :: 		
0x002E	0x0875      	MOVF       R5, 0
;__Lib_Math.c,433 :: 		
0x002F	0x1C03      	BTFSS      STATUS, 0
;__Lib_Math.c,434 :: 		
0x0030	0x0F75      	INCFSZ     R5, 0
;__Lib_Math.c,435 :: 		
0x0031	0x02F9      	SUBWF      R9, 1
;__Lib_Math.c,436 :: 		
0x0032	0x0DF0      	RLF        R0, 1
;__Lib_Math.c,437 :: 		
0x0033	0x0DF1      	RLF        R1, 1
;__Lib_Math.c,439 :: 		
0x0034	0x300F      	MOVLW      15
;__Lib_Math.c,440 :: 		
0x0035	0x00FC      	MOVWF      R12
;__Lib_Math.c,442 :: 		
0x0036	0x0D71      	RLF        R1, 0
;__Lib_Math.c,443 :: 		
0x0037	0x0DF8      	RLF        R8, 1
;__Lib_Math.c,444 :: 		
0x0038	0x0DF9      	RLF        R9, 1
;__Lib_Math.c,445 :: 		
0x0039	0x0874      	MOVF       R4, 0
;__Lib_Math.c,447 :: 		
0x003A	0x1C70      	BTFSS      R0, 0
;__Lib_Math.c,448 :: 		
0x003B	0x2842      	GOTO       $+7
;__Lib_Math.c,449 :: 		
0x003C	0x02F8      	SUBWF      R8, 1
;__Lib_Math.c,450 :: 		
0x003D	0x0875      	MOVF       R5, 0
;__Lib_Math.c,451 :: 		
0x003E	0x1C03      	BTFSS      STATUS, 0
;__Lib_Math.c,452 :: 		
0x003F	0x0F75      	INCFSZ     R5, 0
;__Lib_Math.c,453 :: 		
0x0040	0x02F9      	SUBWF      R9, 1
;__Lib_Math.c,454 :: 		
0x0041	0x2847      	GOTO       $+6
;__Lib_Math.c,456 :: 		
0x0042	0x07F8      	ADDWF      R8, 1
;__Lib_Math.c,457 :: 		
0x0043	0x0875      	MOVF       R5, 0
;__Lib_Math.c,458 :: 		
0x0044	0x1803      	BTFSC      STATUS, 0
;__Lib_Math.c,459 :: 		
0x0045	0x0F75      	INCFSZ     R5, 0
;__Lib_Math.c,460 :: 		
0x0046	0x07F9      	ADDWF      R9, 1
;__Lib_Math.c,462 :: 		
0x0047	0x0DF0      	RLF        R0, 1
;__Lib_Math.c,463 :: 		
0x0048	0x0DF1      	RLF        R1, 1
;__Lib_Math.c,465 :: 		
0x0049	0x0BFC      	DECFSZ     R12, 1
;__Lib_Math.c,466 :: 		
0x004A	0x2836      	GOTO       $-20
;__Lib_Math.c,468 :: 		
0x004B	0x1870      	BTFSC      R0, 0
;__Lib_Math.c,469 :: 		
0x004C	0x2853      	GOTO       $+7
;__Lib_Math.c,470 :: 		
0x004D	0x0874      	MOVF       R4, 0
;__Lib_Math.c,471 :: 		
0x004E	0x07F8      	ADDWF      R8, 1
;__Lib_Math.c,472 :: 		
0x004F	0x0875      	MOVF       R5, 0
;__Lib_Math.c,473 :: 		
0x0050	0x1803      	BTFSC      STATUS, 0
;__Lib_Math.c,474 :: 		
0x0051	0x0F75      	INCFSZ     R5, 0
;__Lib_Math.c,475 :: 		
0x0052	0x07F9      	ADDWF      R9, 1
;__Lib_Math.c,476 :: 		
0x0053	0x0000      	NOP
;__Lib_Math.c,478 :: 		
L_end_Div_16x16_S_L:
0x0054	0x0008      	RETURN
; end of _Div_16x16_S_L
_disp_dig:
;Proj1Compiler.c,53 :: 		void disp_dig(int dig, int seg) {
;Proj1Compiler.c,54 :: 		switch(seg){
0x0055	0x289C      	GOTO       L_disp_dig4
;Proj1Compiler.c,55 :: 		case 1:
L_disp_dig6:
;Proj1Compiler.c,56 :: 		PORTD = 0x0E;
0x0056	0x300E      	MOVLW      14
0x0057	0x1283      	BCF        STATUS, 5
0x0058	0x1303      	BCF        STATUS, 6
0x0059	0x0088      	MOVWF      PORTD
;Proj1Compiler.c,57 :: 		PORTC = count[dig];
0x005A	0x083B      	MOVF       FARG_disp_dig_dig, 0
0x005B	0x3E21      	ADDLW      _count
0x005C	0x0084      	MOVWF      FSR
0x005D	0x0800      	MOVF       INDF, 0
0x005E	0x0087      	MOVWF      PORTC
;Proj1Compiler.c,58 :: 		delay_ms(10);
0x005F	0x3041      	MOVLW      65
0x0060	0x00FC      	MOVWF      R12
0x0061	0x30EE      	MOVLW      238
0x0062	0x00FD      	MOVWF      R13
L_disp_dig7:
0x0063	0x0BFD      	DECFSZ     R13, 1
0x0064	0x2863      	GOTO       L_disp_dig7
0x0065	0x0BFC      	DECFSZ     R12, 1
0x0066	0x2863      	GOTO       L_disp_dig7
0x0067	0x0000      	NOP
;Proj1Compiler.c,59 :: 		break;
0x0068	0x28BE      	GOTO       L_disp_dig5
;Proj1Compiler.c,60 :: 		case 2:
L_disp_dig8:
;Proj1Compiler.c,61 :: 		PORTD = 0x0D;
0x0069	0x300D      	MOVLW      13
0x006A	0x0088      	MOVWF      PORTD
;Proj1Compiler.c,62 :: 		PORTC = count[dig];
0x006B	0x083B      	MOVF       FARG_disp_dig_dig, 0
0x006C	0x3E21      	ADDLW      _count
0x006D	0x0084      	MOVWF      FSR
0x006E	0x0800      	MOVF       INDF, 0
0x006F	0x0087      	MOVWF      PORTC
;Proj1Compiler.c,63 :: 		delay_ms(10);
0x0070	0x3041      	MOVLW      65
0x0071	0x00FC      	MOVWF      R12
0x0072	0x30EE      	MOVLW      238
0x0073	0x00FD      	MOVWF      R13
L_disp_dig9:
0x0074	0x0BFD      	DECFSZ     R13, 1
0x0075	0x2874      	GOTO       L_disp_dig9
0x0076	0x0BFC      	DECFSZ     R12, 1
0x0077	0x2874      	GOTO       L_disp_dig9
0x0078	0x0000      	NOP
;Proj1Compiler.c,64 :: 		break;
0x0079	0x28BE      	GOTO       L_disp_dig5
;Proj1Compiler.c,65 :: 		case 3:
L_disp_dig10:
;Proj1Compiler.c,66 :: 		PORTD = 0x0B;
0x007A	0x300B      	MOVLW      11
0x007B	0x0088      	MOVWF      PORTD
;Proj1Compiler.c,67 :: 		PORTC = count[dig];
0x007C	0x083B      	MOVF       FARG_disp_dig_dig, 0
0x007D	0x3E21      	ADDLW      _count
0x007E	0x0084      	MOVWF      FSR
0x007F	0x0800      	MOVF       INDF, 0
0x0080	0x0087      	MOVWF      PORTC
;Proj1Compiler.c,68 :: 		delay_ms(10);
0x0081	0x3041      	MOVLW      65
0x0082	0x00FC      	MOVWF      R12
0x0083	0x30EE      	MOVLW      238
0x0084	0x00FD      	MOVWF      R13
L_disp_dig11:
0x0085	0x0BFD      	DECFSZ     R13, 1
0x0086	0x2885      	GOTO       L_disp_dig11
0x0087	0x0BFC      	DECFSZ     R12, 1
0x0088	0x2885      	GOTO       L_disp_dig11
0x0089	0x0000      	NOP
;Proj1Compiler.c,69 :: 		break;
0x008A	0x28BE      	GOTO       L_disp_dig5
;Proj1Compiler.c,70 :: 		case 4:
L_disp_dig12:
;Proj1Compiler.c,71 :: 		PORTD = 0x07;
0x008B	0x3007      	MOVLW      7
0x008C	0x0088      	MOVWF      PORTD
;Proj1Compiler.c,72 :: 		PORTC = count[dig];
0x008D	0x083B      	MOVF       FARG_disp_dig_dig, 0
0x008E	0x3E21      	ADDLW      _count
0x008F	0x0084      	MOVWF      FSR
0x0090	0x0800      	MOVF       INDF, 0
0x0091	0x0087      	MOVWF      PORTC
;Proj1Compiler.c,73 :: 		delay_ms(10);
0x0092	0x3041      	MOVLW      65
0x0093	0x00FC      	MOVWF      R12
0x0094	0x30EE      	MOVLW      238
0x0095	0x00FD      	MOVWF      R13
L_disp_dig13:
0x0096	0x0BFD      	DECFSZ     R13, 1
0x0097	0x2896      	GOTO       L_disp_dig13
0x0098	0x0BFC      	DECFSZ     R12, 1
0x0099	0x2896      	GOTO       L_disp_dig13
0x009A	0x0000      	NOP
;Proj1Compiler.c,74 :: 		break;
0x009B	0x28BE      	GOTO       L_disp_dig5
;Proj1Compiler.c,75 :: 		}
L_disp_dig4:
0x009C	0x1283      	BCF        STATUS, 5
0x009D	0x1303      	BCF        STATUS, 6
0x009E	0x3000      	MOVLW      0
0x009F	0x063E      	XORWF      FARG_disp_dig_seg+1, 0
0x00A0	0x1D03      	BTFSS      STATUS, 2
0x00A1	0x28A4      	GOTO       L__disp_dig30
0x00A2	0x3001      	MOVLW      1
0x00A3	0x063D      	XORWF      FARG_disp_dig_seg, 0
L__disp_dig30:
0x00A4	0x1903      	BTFSC      STATUS, 2
0x00A5	0x2856      	GOTO       L_disp_dig6
0x00A6	0x3000      	MOVLW      0
0x00A7	0x063E      	XORWF      FARG_disp_dig_seg+1, 0
0x00A8	0x1D03      	BTFSS      STATUS, 2
0x00A9	0x28AC      	GOTO       L__disp_dig31
0x00AA	0x3002      	MOVLW      2
0x00AB	0x063D      	XORWF      FARG_disp_dig_seg, 0
L__disp_dig31:
0x00AC	0x1903      	BTFSC      STATUS, 2
0x00AD	0x2869      	GOTO       L_disp_dig8
0x00AE	0x3000      	MOVLW      0
0x00AF	0x063E      	XORWF      FARG_disp_dig_seg+1, 0
0x00B0	0x1D03      	BTFSS      STATUS, 2
0x00B1	0x28B4      	GOTO       L__disp_dig32
0x00B2	0x3003      	MOVLW      3
0x00B3	0x063D      	XORWF      FARG_disp_dig_seg, 0
L__disp_dig32:
0x00B4	0x1903      	BTFSC      STATUS, 2
0x00B5	0x287A      	GOTO       L_disp_dig10
0x00B6	0x3000      	MOVLW      0
0x00B7	0x063E      	XORWF      FARG_disp_dig_seg+1, 0
0x00B8	0x1D03      	BTFSS      STATUS, 2
0x00B9	0x28BC      	GOTO       L__disp_dig33
0x00BA	0x3004      	MOVLW      4
0x00BB	0x063D      	XORWF      FARG_disp_dig_seg, 0
L__disp_dig33:
0x00BC	0x1903      	BTFSC      STATUS, 2
0x00BD	0x288B      	GOTO       L_disp_dig12
L_disp_dig5:
;Proj1Compiler.c,76 :: 		}
L_end_disp_dig:
0x00BE	0x0008      	RETURN
; end of _disp_dig
_____DoICP:
;__Lib_System.c,6 :: 		
;__Lib_System.c,9 :: 		
0x00BF	0x1283      	BCF        STATUS, 5
0x00C0	0x1303      	BCF        STATUS, 6
0x00C1	0x0832      	MOVF       ___DoICPAddr+1, 0
0x00C2	0x008A      	MOVWF      PCLATH
;__Lib_System.c,10 :: 		
0x00C3	0x0831      	MOVF       ___DoICPAddr, 0
0x00C4	0x0082      	MOVWF      PCL
;__Lib_System.c,12 :: 		
L_end_____DoICP:
0x00C5	0x0008      	RETURN
; end of _____DoICP
_Div_16x16_S:
;__Lib_Math.c,480 :: 		
;__Lib_Math.c,488 :: 		
0x00C6	0x1283      	BCF        STATUS, 5
0x00C7	0x1303      	BCF        STATUS, 6
0x00C8	0x0874      	MOVF       R4, 0
0x00C9	0x3A00      	XORLW      0
0x00CA	0x1D03      	BTFSS      STATUS, 2
0x00CB	0x28D5      	GOTO       L_Div_16x16_S0
;__Lib_Math.c,489 :: 		
0x00CC	0x0875      	MOVF       R5, 0
0x00CD	0x3A00      	XORLW      0
0x00CE	0x1D03      	BTFSS      STATUS, 2
0x00CF	0x28D5      	GOTO       L_Div_16x16_S1
;__Lib_Math.c,490 :: 		
0x00D0	0x30FF      	MOVLW      255
0x00D1	0x00F0      	MOVWF      R0
;__Lib_Math.c,491 :: 		
0x00D2	0x307F      	MOVLW      127
0x00D3	0x00F1      	MOVWF      R1
;__Lib_Math.c,492 :: 		
0x00D4	0x292E      	GOTO       L_end_Div_16x16_S
;__Lib_Math.c,493 :: 		
L_Div_16x16_S1:
L_Div_16x16_S0:
;__Lib_Math.c,496 :: 		
0x00D5	0x1283      	BCF        STATUS, 5
;__Lib_Math.c,497 :: 		
0x00D6	0x1303      	BCF        STATUS, 6
;__Lib_Math.c,498 :: 		
0x00D7	0x01FD      	CLRF       R13
;__Lib_Math.c,499 :: 		
0x00D8	0x01F9      	CLRF       R9
;__Lib_Math.c,500 :: 		
0x00D9	0x01F8      	CLRF       R8
;__Lib_Math.c,501 :: 		
0x00DA	0x0871      	MOVF       R1, 0
;__Lib_Math.c,502 :: 		
0x00DB	0x0470      	IORWF      R0, 0
;__Lib_Math.c,503 :: 		
0x00DC	0x1903      	BTFSC      STATUS, 2
;__Lib_Math.c,504 :: 		
0x00DD	0x3400      	RETLW      0
;__Lib_Math.c,506 :: 		
0x00DE	0x0871      	MOVF       R1, 0
;__Lib_Math.c,507 :: 		
0x00DF	0x0675      	XORWF      R5, 0
;__Lib_Math.c,508 :: 		
0x00E0	0x00FA      	MOVWF      R10
;__Lib_Math.c,509 :: 		
0x00E1	0x1BFA      	BTFSC      R10, 7
;__Lib_Math.c,510 :: 		
0x00E2	0x09FD      	COMF       R13, 1
;__Lib_Math.c,512 :: 		
0x00E3	0x01FB      	CLRF       R11
;__Lib_Math.c,514 :: 		
0x00E4	0x1FF5      	BTFSS      R5, 7
;__Lib_Math.c,515 :: 		
0x00E5	0x28EB      	GOTO       $+6
;__Lib_Math.c,517 :: 		
0x00E6	0x09F4      	COMF       R4, 1
;__Lib_Math.c,518 :: 		
0x00E7	0x09F5      	COMF       R5, 1
;__Lib_Math.c,519 :: 		
0x00E8	0x0AF4      	INCF       R4, 1
;__Lib_Math.c,520 :: 		
0x00E9	0x1903      	BTFSC      STATUS, 2
;__Lib_Math.c,521 :: 		
0x00EA	0x0AF5      	INCF       R5, 1
;__Lib_Math.c,523 :: 		
0x00EB	0x1FF1      	BTFSS      R1, 7
;__Lib_Math.c,524 :: 		
0x00EC	0x28F2      	GOTO       $+6
;__Lib_Math.c,526 :: 		
0x00ED	0x09F0      	COMF       R0, 1
;__Lib_Math.c,527 :: 		
0x00EE	0x09F1      	COMF       R1, 1
;__Lib_Math.c,528 :: 		
0x00EF	0x0AF0      	INCF       R0, 1
;__Lib_Math.c,529 :: 		
0x00F0	0x1903      	BTFSC      STATUS, 2
;__Lib_Math.c,530 :: 		
0x00F1	0x0AF1      	INCF       R1, 1
;__Lib_Math.c,532 :: 		
0x00F2	0x0871      	MOVF       R1, 0
;__Lib_Math.c,533 :: 		
0x00F3	0x0475      	IORWF      R5, 0
;__Lib_Math.c,534 :: 		
0x00F4	0x00FA      	MOVWF      R10
;__Lib_Math.c,535 :: 		
0x00F5	0x1BFA      	BTFSC      R10, 7
;__Lib_Math.c,536 :: 		
0x00F6	0x2907      	GOTO       $+17
;__Lib_Math.c,538 :: 		
0x00F7	0x2029      	CALL       _Div_16x16_S_L
;__Lib_Math.c,540 :: 		
0x00F8	0x187B      	BTFSC      R11, 0
;__Lib_Math.c,541 :: 		
0x00F9	0x291A      	GOTO       $+33
;__Lib_Math.c,543 :: 		
0x00FA	0x1FFD      	BTFSS      R13, 7
;__Lib_Math.c,544 :: 		
0x00FB	0x3400      	RETLW      0
;__Lib_Math.c,546 :: 		
0x00FC	0x09F0      	COMF       R0, 1
;__Lib_Math.c,547 :: 		
0x00FD	0x09F1      	COMF       R1, 1
;__Lib_Math.c,548 :: 		
0x00FE	0x0AF0      	INCF       R0, 1
;__Lib_Math.c,549 :: 		
0x00FF	0x1903      	BTFSC      STATUS, 2
;__Lib_Math.c,550 :: 		
0x0100	0x0AF1      	INCF       R1, 1
;__Lib_Math.c,552 :: 		
0x0101	0x09F8      	COMF       R8, 1
;__Lib_Math.c,553 :: 		
0x0102	0x09F9      	COMF       R9, 1
;__Lib_Math.c,554 :: 		
0x0103	0x0AF8      	INCF       R8, 1
;__Lib_Math.c,555 :: 		
0x0104	0x1903      	BTFSC      STATUS, 2
;__Lib_Math.c,556 :: 		
0x0105	0x0AF9      	INCF       R9, 1
;__Lib_Math.c,558 :: 		
0x0106	0x3400      	RETLW      0
;__Lib_Math.c,560 :: 		
0x0107	0x1FF5      	BTFSS      R5, 7
;__Lib_Math.c,561 :: 		
0x0108	0x2916      	GOTO       $+14
;__Lib_Math.c,562 :: 		
0x0109	0x1BF1      	BTFSC      R1, 7
;__Lib_Math.c,563 :: 		
0x010A	0x2912      	GOTO       $+8
;__Lib_Math.c,564 :: 		
0x010B	0x0871      	MOVF       R1, 0
;__Lib_Math.c,565 :: 		
0x010C	0x00F9      	MOVWF      R9
;__Lib_Math.c,566 :: 		
0x010D	0x0870      	MOVF       R0, 0
;__Lib_Math.c,567 :: 		
0x010E	0x00F8      	MOVWF      R8
;__Lib_Math.c,568 :: 		
0x010F	0x01F1      	CLRF       R1
;__Lib_Math.c,569 :: 		
0x0110	0x01F0      	CLRF       R0
;__Lib_Math.c,570 :: 		
0x0111	0x28FA      	GOTO       $-23
;__Lib_Math.c,571 :: 		
0x0112	0x01F1      	CLRF       R1
;__Lib_Math.c,572 :: 		
0x0113	0x01F0      	CLRF       R0
;__Lib_Math.c,573 :: 		
0x0114	0x0AF0      	INCF       R0, 1
;__Lib_Math.c,574 :: 		
0x0115	0x3400      	RETLW      0
;__Lib_Math.c,576 :: 		
0x0116	0x09F1      	COMF       R1, 1
;__Lib_Math.c,577 :: 		
0x0117	0x09F0      	COMF       R0, 1
;__Lib_Math.c,578 :: 		
0x0118	0x0AFB      	INCF       R11, 1
;__Lib_Math.c,579 :: 		
0x0119	0x28F7      	GOTO       $-34
;__Lib_Math.c,581 :: 		
0x011A	0x0AF8      	INCF       R8, 1
;__Lib_Math.c,582 :: 		
0x011B	0x1903      	BTFSC      STATUS, 2
;__Lib_Math.c,583 :: 		
0x011C	0x0AF9      	INCF       R9, 1
;__Lib_Math.c,584 :: 		
0x011D	0x0874      	MOVF       R4, 0
;__Lib_Math.c,585 :: 		
0x011E	0x0278      	SUBWF      R8, 0
;__Lib_Math.c,586 :: 		
0x011F	0x1D03      	BTFSS      STATUS, 2
;__Lib_Math.c,587 :: 		
0x0120	0x28FA      	GOTO       $-38
;__Lib_Math.c,588 :: 		
0x0121	0x0875      	MOVF       R5, 0
;__Lib_Math.c,589 :: 		
0x0122	0x0279      	SUBWF      R9, 0
;__Lib_Math.c,590 :: 		
0x0123	0x1D03      	BTFSS      STATUS, 2
;__Lib_Math.c,591 :: 		
0x0124	0x28FA      	GOTO       $-42
;__Lib_Math.c,592 :: 		
0x0125	0x01F9      	CLRF       R9
;__Lib_Math.c,593 :: 		
0x0126	0x01F8      	CLRF       R8
;__Lib_Math.c,594 :: 		
0x0127	0x0AF0      	INCF       R0, 1
;__Lib_Math.c,595 :: 		
0x0128	0x1903      	BTFSC      STATUS, 2
;__Lib_Math.c,596 :: 		
0x0129	0x0AF1      	INCF       R1, 1
;__Lib_Math.c,597 :: 		
0x012A	0x1FF1      	BTFSS      R1, 7
;__Lib_Math.c,598 :: 		
0x012B	0x28FA      	GOTO       $-49
;__Lib_Math.c,599 :: 		
0x012C	0x0000      	NOP
;__Lib_Math.c,600 :: 		
0x012D	0x34FF      	RETLW      255
;__Lib_Math.c,602 :: 		
L_end_Div_16x16_S:
0x012E	0x0008      	RETURN
; end of _Div_16x16_S
___CC2DW:
;__Lib_System.c,134 :: 		
;__Lib_System.c,137 :: 		
_CC2D_Loop1:
;__Lib_System.c,139 :: 		
0x012F	0x20BF      	CALL       _____DoICP
0x0130	0x118A      	BCF        PCLATH, 3
0x0131	0x120A      	BCF        PCLATH, 4
;__Lib_System.c,141 :: 		
0x0132	0x0080      	MOVWF      INDF
;__Lib_System.c,142 :: 		
0x0133	0x0A84      	INCF       FSR, 1
;__Lib_System.c,143 :: 		
0x0134	0x0AB1      	INCF       ___DoICPAddr, 1
;__Lib_System.c,145 :: 		
0x0135	0x1903      	BTFSC      STATUS, 2
;__Lib_System.c,146 :: 		
0x0136	0x0AB2      	INCF       ___DoICPAddr+1, 1
;__Lib_System.c,147 :: 		
0x0137	0x03F0      	DECF       R0, 1
;__Lib_System.c,149 :: 		
0x0138	0x1D03      	BTFSS      STATUS, 2
;__Lib_System.c,150 :: 		
0x0139	0x292F      	GOTO       _CC2D_Loop1
;__Lib_System.c,152 :: 		
L_end___CC2DW:
0x013A	0x0008      	RETURN
; end of ___CC2DW
_disp_time:
;Proj1Compiler.c,78 :: 		void disp_time(int hours, int minutes) {
;Proj1Compiler.c,79 :: 		for (i = 0; i < 25; i++) {
0x013B	0x1283      	BCF        STATUS, 5
0x013C	0x1303      	BCF        STATUS, 6
0x013D	0x01B3      	CLRF       _i
0x013E	0x01B4      	CLRF       _i+1
L_disp_time14:
0x013F	0x3080      	MOVLW      128
0x0140	0x0634      	XORWF      _i+1, 0
0x0141	0x00F0      	MOVWF      R0
0x0142	0x3080      	MOVLW      128
0x0143	0x0270      	SUBWF      R0, 0
0x0144	0x1D03      	BTFSS      STATUS, 2
0x0145	0x2948      	GOTO       L__disp_time35
0x0146	0x3019      	MOVLW      25
0x0147	0x0233      	SUBWF      _i, 0
L__disp_time35:
0x0148	0x1803      	BTFSC      STATUS, 0
0x0149	0x299E      	GOTO       L_disp_time15
;Proj1Compiler.c,80 :: 		disp_dig(hours / 10, 1);
0x014A	0x300A      	MOVLW      10
0x014B	0x00F4      	MOVWF      R4
0x014C	0x3000      	MOVLW      0
0x014D	0x00F5      	MOVWF      R4+1
0x014E	0x0837      	MOVF       FARG_disp_time_hours, 0
0x014F	0x00F0      	MOVWF      R0
0x0150	0x0838      	MOVF       FARG_disp_time_hours+1, 0
0x0151	0x00F1      	MOVWF      R0+1
0x0152	0x20C6      	CALL       _Div_16x16_S
0x0153	0x0870      	MOVF       R0, 0
0x0154	0x00BB      	MOVWF      FARG_disp_dig_dig
0x0155	0x0871      	MOVF       R0+1, 0
0x0156	0x00BC      	MOVWF      FARG_disp_dig_dig+1
0x0157	0x3001      	MOVLW      1
0x0158	0x00BD      	MOVWF      FARG_disp_dig_seg
0x0159	0x3000      	MOVLW      0
0x015A	0x00BE      	MOVWF      FARG_disp_dig_seg+1
0x015B	0x2055      	CALL       _disp_dig
;Proj1Compiler.c,81 :: 		disp_dig(hours % 10, 2);
0x015C	0x300A      	MOVLW      10
0x015D	0x00F4      	MOVWF      R4
0x015E	0x3000      	MOVLW      0
0x015F	0x00F5      	MOVWF      R4+1
0x0160	0x0837      	MOVF       FARG_disp_time_hours, 0
0x0161	0x00F0      	MOVWF      R0
0x0162	0x0838      	MOVF       FARG_disp_time_hours+1, 0
0x0163	0x00F1      	MOVWF      R0+1
0x0164	0x20C6      	CALL       _Div_16x16_S
0x0165	0x0878      	MOVF       R8, 0
0x0166	0x00F0      	MOVWF      R0
0x0167	0x0879      	MOVF       R8+1, 0
0x0168	0x00F1      	MOVWF      R0+1
0x0169	0x0870      	MOVF       R0, 0
0x016A	0x00BB      	MOVWF      FARG_disp_dig_dig
0x016B	0x0871      	MOVF       R0+1, 0
0x016C	0x00BC      	MOVWF      FARG_disp_dig_dig+1
0x016D	0x3002      	MOVLW      2
0x016E	0x00BD      	MOVWF      FARG_disp_dig_seg
0x016F	0x3000      	MOVLW      0
0x0170	0x00BE      	MOVWF      FARG_disp_dig_seg+1
0x0171	0x2055      	CALL       _disp_dig
;Proj1Compiler.c,82 :: 		disp_dig(minutes / 10, 3);
0x0172	0x300A      	MOVLW      10
0x0173	0x00F4      	MOVWF      R4
0x0174	0x3000      	MOVLW      0
0x0175	0x00F5      	MOVWF      R4+1
0x0176	0x0839      	MOVF       FARG_disp_time_minutes, 0
0x0177	0x00F0      	MOVWF      R0
0x0178	0x083A      	MOVF       FARG_disp_time_minutes+1, 0
0x0179	0x00F1      	MOVWF      R0+1
0x017A	0x20C6      	CALL       _Div_16x16_S
0x017B	0x0870      	MOVF       R0, 0
0x017C	0x00BB      	MOVWF      FARG_disp_dig_dig
0x017D	0x0871      	MOVF       R0+1, 0
0x017E	0x00BC      	MOVWF      FARG_disp_dig_dig+1
0x017F	0x3003      	MOVLW      3
0x0180	0x00BD      	MOVWF      FARG_disp_dig_seg
0x0181	0x3000      	MOVLW      0
0x0182	0x00BE      	MOVWF      FARG_disp_dig_seg+1
0x0183	0x2055      	CALL       _disp_dig
;Proj1Compiler.c,83 :: 		disp_dig(minutes % 10, 4);
0x0184	0x300A      	MOVLW      10
0x0185	0x00F4      	MOVWF      R4
0x0186	0x3000      	MOVLW      0
0x0187	0x00F5      	MOVWF      R4+1
0x0188	0x0839      	MOVF       FARG_disp_time_minutes, 0
0x0189	0x00F0      	MOVWF      R0
0x018A	0x083A      	MOVF       FARG_disp_time_minutes+1, 0
0x018B	0x00F1      	MOVWF      R0+1
0x018C	0x20C6      	CALL       _Div_16x16_S
0x018D	0x0878      	MOVF       R8, 0
0x018E	0x00F0      	MOVWF      R0
0x018F	0x0879      	MOVF       R8+1, 0
0x0190	0x00F1      	MOVWF      R0+1
0x0191	0x0870      	MOVF       R0, 0
0x0192	0x00BB      	MOVWF      FARG_disp_dig_dig
0x0193	0x0871      	MOVF       R0+1, 0
0x0194	0x00BC      	MOVWF      FARG_disp_dig_dig+1
0x0195	0x3004      	MOVLW      4
0x0196	0x00BD      	MOVWF      FARG_disp_dig_seg
0x0197	0x3000      	MOVLW      0
0x0198	0x00BE      	MOVWF      FARG_disp_dig_seg+1
0x0199	0x2055      	CALL       _disp_dig
;Proj1Compiler.c,79 :: 		for (i = 0; i < 25; i++) {
0x019A	0x0AB3      	INCF       _i, 1
0x019B	0x1903      	BTFSC      STATUS, 2
0x019C	0x0AB4      	INCF       _i+1, 1
;Proj1Compiler.c,84 :: 		}
0x019D	0x293F      	GOTO       L_disp_time14
L_disp_time15:
;Proj1Compiler.c,85 :: 		}
L_end_disp_time:
0x019E	0x0008      	RETURN
; end of _disp_time
_inc_time:
;Proj1Compiler.c,87 :: 		void inc_time() {
;Proj1Compiler.c,88 :: 		if (minutes > 59) {
0x019F	0x3080      	MOVLW      128
0x01A0	0x1283      	BCF        STATUS, 5
0x01A1	0x1303      	BCF        STATUS, 6
0x01A2	0x00F0      	MOVWF      R0
0x01A3	0x3080      	MOVLW      128
0x01A4	0x0630      	XORWF      _minutes+1, 0
0x01A5	0x0270      	SUBWF      R0, 0
0x01A6	0x1D03      	BTFSS      STATUS, 2
0x01A7	0x29AA      	GOTO       L__inc_time37
0x01A8	0x082F      	MOVF       _minutes, 0
0x01A9	0x3C3B      	SUBLW      59
L__inc_time37:
0x01AA	0x1803      	BTFSC      STATUS, 0
0x01AB	0x29D6      	GOTO       L_inc_time17
;Proj1Compiler.c,89 :: 		minutes = 0;
0x01AC	0x01AF      	CLRF       _minutes
0x01AD	0x01B0      	CLRF       _minutes+1
;Proj1Compiler.c,90 :: 		hours++;
0x01AE	0x0AAB      	INCF       _hours, 1
0x01AF	0x1903      	BTFSC      STATUS, 2
0x01B0	0x0AAC      	INCF       _hours+1, 1
;Proj1Compiler.c,91 :: 		if (mode == CLOCK_12H) {
0x01B1	0x3000      	MOVLW      0
0x01B2	0x062E      	XORWF      _mode+1, 0
0x01B3	0x1D03      	BTFSS      STATUS, 2
0x01B4	0x29B7      	GOTO       L__inc_time38
0x01B5	0x3000      	MOVLW      0
0x01B6	0x062D      	XORWF      _mode, 0
L__inc_time38:
0x01B7	0x1D03      	BTFSS      STATUS, 2
0x01B8	0x29C9      	GOTO       L_inc_time18
;Proj1Compiler.c,92 :: 		if (hours > 12) {
0x01B9	0x3080      	MOVLW      128
0x01BA	0x00F0      	MOVWF      R0
0x01BB	0x3080      	MOVLW      128
0x01BC	0x062C      	XORWF      _hours+1, 0
0x01BD	0x0270      	SUBWF      R0, 0
0x01BE	0x1D03      	BTFSS      STATUS, 2
0x01BF	0x29C2      	GOTO       L__inc_time39
0x01C0	0x082B      	MOVF       _hours, 0
0x01C1	0x3C0C      	SUBLW      12
L__inc_time39:
0x01C2	0x1803      	BTFSC      STATUS, 0
0x01C3	0x29C8      	GOTO       L_inc_time19
;Proj1Compiler.c,93 :: 		hours = 1;
0x01C4	0x3001      	MOVLW      1
0x01C5	0x00AB      	MOVWF      _hours
0x01C6	0x3000      	MOVLW      0
0x01C7	0x00AC      	MOVWF      _hours+1
;Proj1Compiler.c,94 :: 		}
L_inc_time19:
;Proj1Compiler.c,95 :: 		} else {                // mode == CLOCK_24H
0x01C8	0x29D6      	GOTO       L_inc_time20
L_inc_time18:
;Proj1Compiler.c,96 :: 		if (hours > 23) {
0x01C9	0x3080      	MOVLW      128
0x01CA	0x00F0      	MOVWF      R0
0x01CB	0x3080      	MOVLW      128
0x01CC	0x062C      	XORWF      _hours+1, 0
0x01CD	0x0270      	SUBWF      R0, 0
0x01CE	0x1D03      	BTFSS      STATUS, 2
0x01CF	0x29D2      	GOTO       L__inc_time40
0x01D0	0x082B      	MOVF       _hours, 0
0x01D1	0x3C17      	SUBLW      23
L__inc_time40:
0x01D2	0x1803      	BTFSC      STATUS, 0
0x01D3	0x29D6      	GOTO       L_inc_time21
;Proj1Compiler.c,97 :: 		hours = 0;
0x01D4	0x01AB      	CLRF       _hours
0x01D5	0x01AC      	CLRF       _hours+1
;Proj1Compiler.c,98 :: 		}
L_inc_time21:
;Proj1Compiler.c,99 :: 		}
L_inc_time20:
;Proj1Compiler.c,100 :: 		}
L_inc_time17:
;Proj1Compiler.c,101 :: 		minutes++;
0x01D6	0x0AAF      	INCF       _minutes, 1
0x01D7	0x1903      	BTFSC      STATUS, 2
0x01D8	0x0AB0      	INCF       _minutes+1, 1
;Proj1Compiler.c,102 :: 		}
L_end_inc_time:
0x01D9	0x0008      	RETURN
; end of _inc_time
_init:
;Proj1Compiler.c,47 :: 		void init() {
;Proj1Compiler.c,48 :: 		TRISB.f7 = 1; // PORTB is the control bus
0x01DA	0x1683      	BSF        STATUS, 5
0x01DB	0x1303      	BCF        STATUS, 6
0x01DC	0x1786      	BSF        TRISB, 7
;Proj1Compiler.c,49 :: 		TRISC = 0x00; // PORTC is the data bus
0x01DD	0x0187      	CLRF       TRISC
;Proj1Compiler.c,50 :: 		TRISD = 0x00; // PORTD is the address bus
0x01DE	0x0188      	CLRF       TRISD
;Proj1Compiler.c,51 :: 		}
L_end_init:
0x01DF	0x0008      	RETURN
; end of _init
_main:
0x01E0	0x303F      	MOVLW      63
0x01E1	0x1283      	BCF        STATUS, 5
0x01E2	0x1303      	BCF        STATUS, 6
0x01E3	0x00A1      	MOVWF      _count
0x01E4	0x3006      	MOVLW      6
0x01E5	0x00A2      	MOVWF      34
0x01E6	0x305B      	MOVLW      91
0x01E7	0x00A3      	MOVWF      35
0x01E8	0x304F      	MOVLW      79
0x01E9	0x00A4      	MOVWF      36
0x01EA	0x3066      	MOVLW      102
0x01EB	0x00A5      	MOVWF      37
0x01EC	0x306D      	MOVLW      109
0x01ED	0x00A6      	MOVWF      38
0x01EE	0x307D      	MOVLW      125
0x01EF	0x00A7      	MOVWF      39
0x01F0	0x3007      	MOVLW      7
0x01F1	0x00A8      	MOVWF      40
0x01F2	0x307F      	MOVLW      127
0x01F3	0x00A9      	MOVWF      41
0x01F4	0x306F      	MOVLW      111
0x01F5	0x00AA      	MOVWF      42
0x01F6	0x300C      	MOVLW      12
0x01F7	0x00AB      	MOVWF      _hours
0x01F8	0x01AC      	CLRF       44
0x01F9	0x01AD      	CLRF       _mode
0x01FA	0x01AE      	CLRF       46
0x01FB	0x303B      	MOVLW      59
0x01FC	0x00AF      	MOVWF      _minutes
0x01FD	0x01B0      	CLRF       48
;Proj1Compiler.c,120 :: 		void main() {
;Proj1Compiler.c,121 :: 		init();
0x01FE	0x21DA      	CALL       _init
;Proj1Compiler.c,122 :: 		disp_time(hours, minutes);
0x01FF	0x1283      	BCF        STATUS, 5
0x0200	0x082B      	MOVF       _hours, 0
0x0201	0x00B7      	MOVWF      FARG_disp_time_hours
0x0202	0x082C      	MOVF       _hours+1, 0
0x0203	0x00B8      	MOVWF      FARG_disp_time_hours+1
0x0204	0x082F      	MOVF       _minutes, 0
0x0205	0x00B9      	MOVWF      FARG_disp_time_minutes
0x0206	0x0830      	MOVF       _minutes+1, 0
0x0207	0x00BA      	MOVWF      FARG_disp_time_minutes+1
0x0208	0x213B      	CALL       _disp_time
;Proj1Compiler.c,123 :: 		INTCON.GIE = 1;             // Enable global interrupts
0x0209	0x178B      	BSF        INTCON, 7
;Proj1Compiler.c,124 :: 		INTCON.PEIE = 1;            // Enable peripheral interrupts
0x020A	0x170B      	BSF        INTCON, 6
;Proj1Compiler.c,125 :: 		INTCON.RBIE = 1;            // Enable RB port change interrupts
0x020B	0x158B      	BSF        INTCON, 3
;Proj1Compiler.c,126 :: 		INTCON.RBIF = 0;            // Clear RB port change interrupt flag
0x020C	0x100B      	BCF        INTCON, 0
;Proj1Compiler.c,127 :: 		OPTION_REG.f7 = 1;          // Enable pull-up resistor for RB7
0x020D	0x1683      	BSF        STATUS, 5
0x020E	0x1781      	BSF        OPTION_REG, 7
;Proj1Compiler.c,130 :: 		while(1) {
L_main22:
;Proj1Compiler.c,131 :: 		disp_time(hours, minutes);
0x020F	0x1283      	BCF        STATUS, 5
0x0210	0x082B      	MOVF       _hours, 0
0x0211	0x00B7      	MOVWF      FARG_disp_time_hours
0x0212	0x082C      	MOVF       _hours+1, 0
0x0213	0x00B8      	MOVWF      FARG_disp_time_hours+1
0x0214	0x082F      	MOVF       _minutes, 0
0x0215	0x00B9      	MOVWF      FARG_disp_time_minutes
0x0216	0x0830      	MOVF       _minutes+1, 0
0x0217	0x00BA      	MOVWF      FARG_disp_time_minutes+1
0x0218	0x213B      	CALL       _disp_time
;Proj1Compiler.c,132 :: 		inc_time();
0x0219	0x219F      	CALL       _inc_time
;Proj1Compiler.c,133 :: 		delay_ms(50);          // Add a delay to prevent the loop from executing too quickly
0x021A	0x3002      	MOVLW      2
0x021B	0x00FB      	MOVWF      R11
0x021C	0x3045      	MOVLW      69
0x021D	0x00FC      	MOVWF      R12
0x021E	0x30A9      	MOVLW      169
0x021F	0x00FD      	MOVWF      R13
L_main24:
0x0220	0x0BFD      	DECFSZ     R13, 1
0x0221	0x2A20      	GOTO       L_main24
0x0222	0x0BFC      	DECFSZ     R12, 1
0x0223	0x2A20      	GOTO       L_main24
0x0224	0x0BFB      	DECFSZ     R11, 1
0x0225	0x2A20      	GOTO       L_main24
0x0226	0x0000      	NOP
0x0227	0x0000      	NOP
;Proj1Compiler.c,134 :: 		}
0x0228	0x2A0F      	GOTO       L_main22
;Proj1Compiler.c,135 :: 		}
L_end_main:
0x0229	0x2A29      	GOTO       $+0
; end of _main
Symbol List:
//** Routines locations **
//ADDRESS    SIZE    PROCEDURE
//----------------------------------------------
0x0004      [37]    _interrupt
0x0029      [44]    _Div_16x16_S_L
0x0055     [106]    _disp_dig
0x00BF       [7]    _____DoICP
0x00C6     [105]    _Div_16x16_S
0x012F      [12]    ___CC2DW
0x013B     [100]    _disp_time
0x019F      [59]    _inc_time
0x01DA       [6]    _init
0x01E0      [74]    _main
//** Variables locations ** 
//ADDRESS    SIZE    VARIABLE
//----------------------------------------------
0x0000       [1]    INDF
0x0002       [1]    PCL
0x0003       [1]    STATUS
0x0004       [1]    FSR
0x0006       [1]    PORTB
0x0007       [1]    PORTC
0x0008       [1]    PORTD
0x000A       [1]    PCLATH
0x000B       [1]    INTCON
0x0021      [10]    _count
0x002B       [2]    _hours
0x002D       [2]    _mode
0x002F       [2]    _minutes
0x0031       [2]    ___DoICPAddr
0x0033       [2]    _i
0x0035       [1]    ___saveSTATUS
0x0036       [1]    ___savePCLATH
0x0037       [2]    FARG_disp_time_hours
0x0039       [2]    FARG_disp_time_minutes
0x003B       [2]    FARG_disp_dig_dig
0x003D       [2]    FARG_disp_dig_seg
0x0070       [1]    R0
0x0071       [1]    R1
0x0072       [1]    R2
0x0073       [1]    R3
0x0074       [1]    R4
0x0075       [1]    R5
0x0076       [1]    R6
0x0077       [1]    R7
0x0078       [1]    R8
0x0079       [1]    R9
0x007A       [1]    R10
0x007B       [1]    R11
0x007C       [1]    R12
0x007D       [1]    R13
0x007E       [1]    R14
0x007F       [1]    R15
0x0081       [1]    OPTION_REG
0x0086       [1]    TRISB
0x0087       [1]    TRISC
0x0088       [1]    TRISD
